[nitp.ncdc.gov.ng/qrviewer/1079688.html]
[backblue.gif]
[fade.gif]
[index.html]
[nitp.ncdc.gov.ng/sites/default/files/indexcoat_0_0.jpg]
[nitp.ncdc.gov.ng/sites/all/themes/Porto/vendor/bootstrap/css/bootstrap.css]
[nitp.ncdc.gov.ng/modules/system/system.base753d.css]
[nitp.ncdc.gov.ng/modules/system/system.menus753d.css]
[nitp.ncdc.gov.ng/modules/system/system.messages753d.css]
[nitp.ncdc.gov.ng/modules/system/system.theme753d.css]
[nitp.ncdc.gov.ng/modules/field/theme/field753d.css]
[nitp.ncdc.gov.ng/sites/all/modules/logintoboggan/logintoboggan753d.css]
[nitp.ncdc.gov.ng/modules/node/node753d.css]
[nitp.ncdc.gov.ng/modules/user/user753d.css]
[nitp.ncdc.gov.ng/sites/all/modules/views/css/views753d.css]
[nitp.ncdc.gov.ng/sites/all/modules/ckeditor/css/ckeditor753d.css]
[nitp.ncdc.gov.ng/sites/all/modules/ctools/css/ctools753d.css]
[nitp.ncdc.gov.ng/sites/all/modules/panels/css/panels753d.css]
[nitp.ncdc.gov.ng/sites/all/themes/Porto/vendor/owl-carousel/owl.carousel753d.css]
[nitp.ncdc.gov.ng/sites/all/themes/Porto/vendor/font-awesome/css/font-awesome753d.css]
[nitp.ncdc.gov.ng/sites/all/themes/Porto/vendor/owl-carousel/owl.theme.default753d.css]
[nitp.ncdc.gov.ng/sites/all/themes/Porto/vendor/prettyPhoto/css/prettyPhoto753d.css]
[nitp.ncdc.gov.ng/sites/all/themes/Porto/vendor/circle-flip-slideshow/css/component753d.css]
[nitp.ncdc.gov.ng/sites/all/themes/Porto/vendor/magnific-popup/magnific-popup753d.css]
[nitp.ncdc.gov.ng/sites/all/themes/Porto/vendor/mediaelement/mediaelementplayer753d.css]
[nitp.ncdc.gov.ng/sites/all/themes/Porto/vendor/isotope/jquery.isotope753d.css]
[nitp.ncdc.gov.ng/sites/all/themes/Porto/css/theme-elements753d.css]
[nitp.ncdc.gov.ng/sites/all/themes/Porto/css/theme-animate753d.css]
[nitp.ncdc.gov.ng/sites/all/themes/Porto/css/theme-blog753d.css]
[nitp.ncdc.gov.ng/sites/all/themes/Porto/css/theme753d.css]
[nitp.ncdc.gov.ng/sites/all/themes/Porto/css/theme-responsive753d.css]
[nitp.ncdc.gov.ng/sites/all/themes/Porto/css/drupal-styles753d.css]
[nitp.ncdc.gov.ng/sites/all/themes/Porto_sub/css/custom753d.css]
[nitp.ncdc.gov.ng/sites/default/files/less/J1GH-Rzbmbh24Om_SCwY0g050fr2_bxb4g0I0CeJ69s/sites/all/themes/Porto/css/less/skin.RhlunGqbZUGq6wVfBEflCycFIIFdR2jRnGPZcmBffu8753d.css]
[nitp.ncdc.gov.ng/sites/all/modules/jquery_update/replace/jquery/2.2/jquery.min9c45.js]
[nitp.ncdc.gov.ng/misc/jquery-extend-3.4.09c45.js]
[nitp.ncdc.gov.ng/misc/jquery-html-prefilter-3.5.0-backport9c45.js]
[nitp.ncdc.gov.ng/misc/jquery.once7839.js]
[nitp.ncdc.gov.ng/misc/drupal753d.js]
[nitp.ncdc.gov.ng/sites/all/modules/highcharttable/js/highcharttable753d.js]
[nitp.ncdc.gov.ng/sites/all/modules/chartman/js/Chart.bundle.min753d.js]
[nitp.ncdc.gov.ng/sites/all/modules/chartman/js/chartmanbase753d.js]
[nitp.ncdc.gov.ng/sites/all/modules/chartman/js/chartman753d.js]
[nitp.ncdc.gov.ng/sites/all/modules/chartman2/js/chartman2753d.js]
[nitp.ncdc.gov.ng/sites/all/modules/nitp/hidetestfields/hidetestfields753d.js]
[nitp.ncdc.gov.ng/sites/all/modules/nitp/mydisplay/mydisplay753d.js]
[nitp.ncdc.gov.ng/sites/all/modules/nitp/nitp753d.js]
[nitp.ncdc.gov.ng/sites/all/modules/scroll_to_destination_anchors/scroll_to_destination_anchors753d.js]
[nitp.ncdc.gov.ng/sites/all/themes/Porto/vendor/modernizr753d.js]
[nitp.ncdc.gov.ng/sites/all/themes/Porto/vendor/bootstrap/js/bootstrap753d.js]
[nitp.ncdc.gov.ng/sites/all/themes/Porto/vendor/jquery.easing753d.js]
[nitp.ncdc.gov.ng/sites/all/themes/Porto/vendor/jquery.cookie753d.js]
[nitp.ncdc.gov.ng/sites/all/themes/Porto/vendor/owl-carousel/owl.carousel753d.js]
[nitp.ncdc.gov.ng/sites/all/themes/Porto/vendor/circle-flip-slideshow/js/jquery.flipshow753d.js]
[nitp.ncdc.gov.ng/sites/all/themes/Porto/vendor/isotope/jquery.isotope753d.js]
[nitp.ncdc.gov.ng/sites/all/themes/Porto/vendor/prettyPhoto/js/jquery.prettyPhoto753d.js]
[nitp.ncdc.gov.ng/sites/all/themes/Porto/vendor/jflickrfeed/jflickrfeed753d.js]
[nitp.ncdc.gov.ng/sites/all/themes/Porto/vendor/jquery.mapmarker753d.js]
[nitp.ncdc.gov.ng/sites/all/themes/Porto/vendor/jquery.stellar753d.js]
[nitp.ncdc.gov.ng/sites/all/themes/Porto/vendor/jquery.gmap753d.js]
[nitp.ncdc.gov.ng/sites/all/themes/Porto/vendor/jquery.knob753d.js]
[nitp.ncdc.gov.ng/sites/all/themes/Porto/vendor/magnific-popup/magnific-popup753d.js]
[nitp.ncdc.gov.ng/sites/all/themes/Porto/vendor/mediaelement/mediaelement-and-player753d.js]
[nitp.ncdc.gov.ng/sites/all/themes/Porto/vendor/jquery.appear753d.js]
[nitp.ncdc.gov.ng/sites/all/themes/Porto/js/mobile-menu753d.js]
[nitp.ncdc.gov.ng/sites/all/themes/Porto/js/theme.plugins753d.js]
[nitp.ncdc.gov.ng/sites/all/themes/Porto/js/theme753d.js]
[nitp.ncdc.gov.ng/qrviewer/1079688.html]
[nitp.ncdc.gov.ng/sites/all/themes/Porto/vendor/bootstrap/css/bootstrap.css]
[nitp.ncdc.gov.ng/sites/all/themes/Porto/js/views/view.home753d.js]
[nitp.ncdc.gov.ng/misc/throbber-inactive.png]
[nitp.ncdc.gov.ng/misc/throbber-active.gif]
[nitp.ncdc.gov.ng/misc/grippie.png]
[nitp.ncdc.gov.ng/misc/draggable.png]
[nitp.ncdc.gov.ng/misc/tree.png]
[nitp.ncdc.gov.ng/misc/tree-bottom.png]
[nitp.ncdc.gov.ng/modules/system/system.base753d.css]
[nitp.ncdc.gov.ng/misc/menu-expanded.png]
[nitp.ncdc.gov.ng/misc/menu-collapsed.png]
[nitp.ncdc.gov.ng/modules/system/system.menus753d.css]
[nitp.ncdc.gov.ng/misc/menu-leaf.png]
[nitp.ncdc.gov.ng/misc/message-24-ok.png]
[nitp.ncdc.gov.ng/misc/message-24-warning.png]
[nitp.ncdc.gov.ng/misc/message-24-error.png]
[nitp.ncdc.gov.ng/modules/system/system.messages753d.css]
[nitp.ncdc.gov.ng/misc/help.png]
[nitp.ncdc.gov.ng/modules/system/system.theme753d.css]
[nitp.ncdc.gov.ng/misc/progress.gif]
[nitp.ncdc.gov.ng/modules/field/theme/field753d.css]
[nitp.ncdc.gov.ng/sites/all/modules/logintoboggan/logintoboggan753d.css]
[nitp.ncdc.gov.ng/modules/node/node753d.css]
[nitp.ncdc.gov.ng/modules/user/user753d.css]
[nitp.ncdc.gov.ng/sites/all/modules/views/css/views753d.css]
[nitp.ncdc.gov.ng/sites/all/modules/ckeditor/css/ckeditor753d.css]
[nitp.ncdc.gov.ng/sites/all/modules/ctools/images/status-active.gif]
[nitp.ncdc.gov.ng/sites/all/modules/ctools/css/ctools753d.css]
[nitp.ncdc.gov.ng/sites/all/modules/panels/css/panels753d.css]
[nitp.ncdc.gov.ng/sites/all/themes/Porto/vendor/owl-carousel/owl.video.play.png]
[nitp.ncdc.gov.ng/sites/all/themes/Porto/vendor/owl-carousel/owl.carousel753d.css]
[nitp.ncdc.gov.ng/sites/all/themes/Porto/vendor/font-awesome/css/font-awesome753d.css]
[nitp.ncdc.gov.ng/sites/all/themes/Porto/vendor/owl-carousel/owl.theme.default753d.css]
[nitp.ncdc.gov.ng/sites/all/themes/Porto/vendor/prettyPhoto/images/prettyPhoto/default/sprite.png]
[nitp.ncdc.gov.ng/sites/all/themes/Porto/vendor/prettyPhoto/images/prettyPhoto/default/sprite_x.png]
[nitp.ncdc.gov.ng/sites/all/themes/Porto/vendor/prettyPhoto/images/prettyPhoto/default/sprite_y.png]
[nitp.ncdc.gov.ng/sites/all/themes/Porto/vendor/prettyPhoto/images/prettyPhoto/default/sprite_next.png]
[nitp.ncdc.gov.ng/sites/all/themes/Porto/vendor/prettyPhoto/images/prettyPhoto/default/sprite_prev.png]
[nitp.ncdc.gov.ng/sites/all/themes/Porto/vendor/prettyPhoto/images/prettyPhoto/default/default_thumb.png]
[nitp.ncdc.gov.ng/sites/all/themes/Porto/vendor/prettyPhoto/images/prettyPhoto/default/loader.gif]
[nitp.ncdc.gov.ng/sites/all/themes/Porto/vendor/prettyPhoto/images/prettyPhoto/light_rounded/sprite.png]
[nitp.ncdc.gov.ng/sites/all/themes/Porto/vendor/prettyPhoto/images/prettyPhoto/light_rounded/btnNext.png]
[nitp.ncdc.gov.ng/sites/all/themes/Porto/vendor/prettyPhoto/images/prettyPhoto/light_rounded/btnPrevious.png]
[nitp.ncdc.gov.ng/sites/all/themes/Porto/vendor/prettyPhoto/images/prettyPhoto/dark_rounded/sprite.png]
[nitp.ncdc.gov.ng/sites/all/themes/Porto/vendor/prettyPhoto/images/prettyPhoto/dark_rounded/contentPattern.png]
[nitp.ncdc.gov.ng/sites/all/themes/Porto/vendor/prettyPhoto/images/prettyPhoto/dark_rounded/btnNext.png]
[nitp.ncdc.gov.ng/sites/all/themes/Porto/vendor/prettyPhoto/images/prettyPhoto/dark_rounded/btnPrevious.png]
[nitp.ncdc.gov.ng/sites/all/themes/Porto/vendor/prettyPhoto/images/prettyPhoto/dark_rounded/loader.gif]
[nitp.ncdc.gov.ng/sites/all/themes/Porto/vendor/prettyPhoto/images/prettyPhoto/dark_square/loader.gif]
[nitp.ncdc.gov.ng/sites/all/themes/Porto/vendor/prettyPhoto/images/prettyPhoto/dark_square/sprite.png]
[nitp.ncdc.gov.ng/sites/all/themes/Porto/vendor/prettyPhoto/images/prettyPhoto/dark_square/btnNext.png]
[nitp.ncdc.gov.ng/sites/all/themes/Porto/vendor/prettyPhoto/images/prettyPhoto/dark_square/btnPrevious.png]
[nitp.ncdc.gov.ng/sites/all/themes/Porto/vendor/prettyPhoto/images/prettyPhoto/light_square/sprite.png]
[nitp.ncdc.gov.ng/sites/all/themes/Porto/vendor/prettyPhoto/images/prettyPhoto/light_square/btnNext.png]
[nitp.ncdc.gov.ng/sites/all/themes/Porto/vendor/prettyPhoto/images/prettyPhoto/light_square/btnPrevious.png]
[nitp.ncdc.gov.ng/sites/all/themes/Porto/vendor/prettyPhoto/images/prettyPhoto/facebook/sprite.png]
[nitp.ncdc.gov.ng/sites/all/themes/Porto/vendor/prettyPhoto/images/prettyPhoto/facebook/contentPatternTop.png]
[nitp.ncdc.gov.ng/sites/all/themes/Porto/vendor/prettyPhoto/images/prettyPhoto/facebook/contentPatternLeft.png]
[nitp.ncdc.gov.ng/sites/all/themes/Porto/vendor/prettyPhoto/images/prettyPhoto/facebook/contentPatternRight.png]
[nitp.ncdc.gov.ng/sites/all/themes/Porto/vendor/prettyPhoto/images/prettyPhoto/facebook/loader.gif]
[nitp.ncdc.gov.ng/sites/all/themes/Porto/vendor/prettyPhoto/images/prettyPhoto/facebook/btnNext.png]
[nitp.ncdc.gov.ng/sites/all/themes/Porto/vendor/prettyPhoto/images/prettyPhoto/facebook/btnPrevious.png]
[nitp.ncdc.gov.ng/sites/all/themes/Porto/vendor/prettyPhoto/images/prettyPhoto/facebook/contentPatternBottom.png]
[nitp.ncdc.gov.ng/sites/all/themes/Porto/vendor/prettyPhoto/images/prettyPhoto/facebook/default_thumbnail.gif]
[nitp.ncdc.gov.ng/sites/all/themes/Porto/vendor/prettyPhoto/images/prettyPhoto/light_rounded/loader.gif]
[nitp.ncdc.gov.ng/sites/all/themes/Porto/vendor/prettyPhoto/css/prettyPhoto753d.css]
[nitp.ncdc.gov.ng/sites/all/themes/Porto/vendor/circle-flip-slideshow/css/component753d.css]
[nitp.ncdc.gov.ng/sites/all/themes/Porto/vendor/magnific-popup/magnific-popup753d.css]
[nitp.ncdc.gov.ng/sites/all/themes/Porto/vendor/mediaelement/bigplay.svg]
[nitp.ncdc.gov.ng/sites/all/themes/Porto/vendor/mediaelement/bigplay.png]
[nitp.ncdc.gov.ng/sites/all/themes/Porto/vendor/mediaelement/background.png]
[nitp.ncdc.gov.ng/sites/all/themes/Porto/vendor/mediaelement/loading.gif]
[nitp.ncdc.gov.ng/sites/all/themes/Porto/vendor/mediaelement/controls.svg]
[nitp.ncdc.gov.ng/sites/all/themes/Porto/vendor/mediaelement/controls.png]
[nitp.ncdc.gov.ng/sites/all/themes/Porto/vendor/mediaelement/mediaelementplayer753d.css]
[nitp.ncdc.gov.ng/sites/all/themes/Porto/vendor/isotope/jquery.isotope753d.css]
[nitp.ncdc.gov.ng/sites/all/themes/Porto/img/list-primary.png]
[nitp.ncdc.gov.ng/sites/all/themes/Porto/img/social-sprites.png]
[nitp.ncdc.gov.ng/sites/all/themes/Porto/img/arrows.png]
[nitp.ncdc.gov.ng/sites/all/themes/Porto/img/history-thumb.png]
[nitp.ncdc.gov.ng/sites/all/themes/Porto/css/theme-elements753d.css]
[nitp.ncdc.gov.ng/sites/all/themes/Porto/css/theme-animate753d.css]
[nitp.ncdc.gov.ng/sites/all/themes/Porto/css/theme-blog753d.css]
[nitp.ncdc.gov.ng/sites/all/themes/Porto/img/custom-header-bg.jpg]
[nitp.ncdc.gov.ng/sites/all/themes/Porto/img/map-bottom.png]
[nitp.ncdc.gov.ng/sites/all/themes/Porto/img/map-top.png]
[nitp.ncdc.gov.ng/sites/all/themes/Porto/img/home-concept.png]
[nitp.ncdc.gov.ng/sites/all/themes/Porto/img/home-concept-item.png]
[nitp.ncdc.gov.ng/sites/all/themes/Porto/img/home-concept-icons.png]
[nitp.ncdc.gov.ng/sites/all/themes/Porto/img/map-bottom-dark.png]
[nitp.ncdc.gov.ng/sites/all/themes/Porto/img/map-top-dark.png]
[nitp.ncdc.gov.ng/sites/all/themes/Porto/img/home-concept-dark.png]
[nitp.ncdc.gov.ng/sites/all/themes/Porto/img/home-concept-item-dark.png]
[nitp.ncdc.gov.ng/sites/all/themes/Porto/img/home-concept-icons-dark.png]
[nitp.ncdc.gov.ng/sites/all/themes/Porto/img/arrows-dark.png]
[nitp.ncdc.gov.ng/sites/all/themes/Porto/css/theme753d.css]
[nitp.ncdc.gov.ng/sites/all/themes/Porto/img/history-thumb-dark.png]
[nitp.ncdc.gov.ng/sites/all/themes/Porto/css/theme-responsive753d.css]
[nitp.ncdc.gov.ng/sites/all/themes/Porto/css/drupal-styles753d.css]
[nitp.ncdc.gov.ng/sites/all/themes/Porto_sub/images/black-covid.jpg]
[nitp.ncdc.gov.ng/sites/all/themes/Porto_sub/css/custom753d.css]
[nitp.ncdc.gov.ng/sites/all/themes/Porto_sub/images/home3.png]
[nitp.ncdc.gov.ng/sites/default/files/less/J1GH-Rzbmbh24Om_SCwY0g050fr2_bxb4g0I0CeJ69s/sites/all/themes/Porto/css/less/skin.RhlunGqbZUGq6wVfBEflCycFIIFdR2jRnGPZcmBffu8753d.css]
[nitp.ncdc.gov.ng/sites/all/themes/Porto_sub/vendor/jquery.validate753d.js]
[nitp.ncdc.gov.ng/sites/all/themes/Porto/vendor/owl-carousel/owl.video.play.html]
[nitp.ncdc.gov.ng/sites/all/themes/Porto/vendor/mediaelement/bigplay.svg]
[nitp.ncdc.gov.ng/sites/all/themes/Porto/vendor/mediaelement/controls.svg]
